Using pre-set license
Built from '2020.2/release' branch; Version is '2020.2.2f1 (068178b99f32) revision 426360'; Using compiler version '192528614'; Build Type 'Release'
OS: 'Windows 10 Home; OS build 18363.1316; Version 1909; 64bit' Language: 'en' Physical Memory: 8039 MB
BatchMode: 1, IsHumanControllingUs: 0, StartBugReporterOnCrash: 0, Is64bit: 1, IsPro: 0

 COMMAND LINE ARGUMENTS:
C:\Program Files\Unity\Hub\Editor\2020.2.2f1\Editor\Unity.exe
-adb2
-batchMode
-noUpm
-name
AssetImportWorker0
-projectPath
C:/Users/eskar/OneDrive/Desktop/Game Development/GGJ 2021/OscarWorthy/Oscar Worthy
-logFile
Logs/AssetImportWorker0.log
-srvPort
53178
Successfully changed project path to: C:/Users/eskar/OneDrive/Desktop/Game Development/GGJ 2021/OscarWorthy/Oscar Worthy
C:/Users/eskar/OneDrive/Desktop/Game Development/GGJ 2021/OscarWorthy/Oscar Worthy
Using Asset Import Pipeline V2.
Refreshing native plugins compatible for Editor in 21.07 ms, found 0 plugins.
Preloading 0 native plugins for Editor in 0.00 ms.
Initialize engine version: 2020.2.2f1 (068178b99f32)
[Subsystems] Discovering subsystems at path C:/Program Files/Unity/Hub/Editor/2020.2.2f1/Editor/Data/Resources/UnitySubsystems
[Subsystems] Discovering subsystems at path C:/Users/eskar/OneDrive/Desktop/Game Development/GGJ 2021/OscarWorthy/Oscar Worthy/Assets
GfxDevice: creating device client; threaded=0
Direct3D:
    Version:  Direct3D 11.0 [level 11.1]
    Renderer: NVIDIA GeForce GTX 1650 with Max-Q Design (ID=0x1f91)
    Vendor:   
    VRAM:     3962 MB
    Driver:   27.21.14.6109
Initialize mono
Mono path[0] = 'C:/Program Files/Unity/Hub/Editor/2020.2.2f1/Editor/Data/Managed'
Mono path[1] = 'C:/Program Files/Unity/Hub/Editor/2020.2.2f1/Editor/Data/MonoBleedingEdge/lib/mono/unityjit'
Mono config path = 'C:/Program Files/Unity/Hub/Editor/2020.2.2f1/Editor/Data/MonoBleedingEdge/etc'
Using monoOptions --debugger-agent=transport=dt_socket,embedding=1,server=y,suspend=n,address=127.0.0.1:56920
Begin MonoManager ReloadAssembly
Registering precompiled unity dll's ...
Register platform support module: C:/Program Files/Unity/Hub/Editor/2020.2.2f1/Editor/Data/PlaybackEngines/WindowsStandaloneSupport/UnityEditor.WindowsStandalone.Extensions.dll
Registered in 0.001674 seconds.
Native extension for WindowsStandalone target not found
Refreshing native plugins compatible for Editor in 20.06 ms, found 0 plugins.
Preloading 0 native plugins for Editor in 0.00 ms.
Invoked RoslynAnalysisRunner static constructor.
RoslynAnalysisRunner will not be running.
RoslynAnalysisRunner has terminated.
Mono: successfully reloaded assembly
- Completed reload, in  0.935 seconds
Platform modules already initialized, skipping
Registering precompiled user dll's ...
Registered in 0.000651 seconds.
Begin MonoManager ReloadAssembly
Native extension for WindowsStandalone target not found
Refreshing native plugins compatible for Editor in 0.18 ms, found 0 plugins.
Preloading 0 native plugins for Editor in 0.00 ms.
Invoked RoslynAnalysisRunner static constructor.
RoslynAnalysisRunner will not be running.
RoslynAnalysisRunner has terminated.
Mono: successfully reloaded assembly
- Completed reload, in  0.736 seconds
Platform modules already initialized, skipping
========================================================================
Worker process is ready to serve import requests
Launched and connected shader compiler UnityShaderCompiler.exe after 0.04 seconds
Refreshing native plugins compatible for Editor in 0.20 ms, found 0 plugins.
Preloading 0 native plugins for Editor in 0.00 ms.
Unloading 1075 Unused Serialized files (Serialized files now loaded: 0)
System memory in use before: 56.1 MB.
System memory in use after: 56.2 MB.

Unloading 9 unused Assets to reduce memory usage. Loaded Objects now: 1517.
Total: 1.484400 ms (FindLiveObjects: 0.128400 ms CreateObjectMapping: 0.037400 ms MarkObjects: 1.260700 ms  DeleteObjects: 0.057000 ms)

========================================================================
Received Import Request.
  path: Assets/Scenes/SampleScene.unity
  artifactKey: Guid(9fc0d4010bbf28b4594072e72b8655ab) Importer(815301076,1909f56bfc062723c751e8b465ee728b)
Start importing Assets/Scenes/SampleScene.unity using Guid(9fc0d4010bbf28b4594072e72b8655ab) Importer(815301076,1909f56bfc062723c751e8b465ee728b)  -> (artifact id: 'ee2927af699281aebdb1e32cc3f2c2b0') in 0.020350 seconds
  Import took 0.022485 seconds .

========================================================================
Received Import Request.
  Time since last request: 183.362187 seconds.
  path: Assets
  artifactKey: Guid(00000000000000001000000000000000) Importer(815301076,1909f56bfc062723c751e8b465ee728b)
Start importing Assets using Guid(00000000000000001000000000000000) Importer(815301076,1909f56bfc062723c751e8b465ee728b)  -> (artifact id: '4a6e520b92ccfc61bcfa21a7bcab8468') in 0.015974 seconds
  Import took 0.018814 seconds .

========================================================================
Received Import Request.
  Time since last request: 28.218862 seconds.
  path: Assets/BaseEnemy.cs
  artifactKey: Guid(67bcfff278723a4488c4a31c85234d7e) Importer(815301076,1909f56bfc062723c751e8b465ee728b)
Start importing Assets/BaseEnemy.cs using Guid(67bcfff278723a4488c4a31c85234d7e) Importer(815301076,1909f56bfc062723c751e8b465ee728b)  -> (artifact id: 'a1e14dc381073ccd0d1709a05932e060') in 0.045997 seconds
  Import took 0.049560 seconds .

========================================================================
Received Import Request.
  Time since last request: 1.054838 seconds.
  path: Assets/BaseEnemy.cs
  artifactKey: Guid(67bcfff278723a4488c4a31c85234d7e) Importer(815301076,1909f56bfc062723c751e8b465ee728b)
Start importing Assets/BaseEnemy.cs using Guid(67bcfff278723a4488c4a31c85234d7e) Importer(815301076,1909f56bfc062723c751e8b465ee728b)  -> (artifact id: 'a1e14dc381073ccd0d1709a05932e060') in 0.005373 seconds
  Import took 0.009502 seconds .

========================================================================
Received Prepare
Registering precompiled user dll's ...
Registered in 0.000786 seconds.
Begin MonoManager ReloadAssembly
Native extension for WindowsStandalone target not found
Refreshing native plugins compatible for Editor in 0.18 ms, found 0 plugins.
Preloading 0 native plugins for Editor in 0.00 ms.
Invoked RoslynAnalysisRunner static constructor.
RoslynAnalysisRunner will not be running.
RoslynAnalysisRunner has terminated.
Mono: successfully reloaded assembly
- Completed reload, in  0.785 seconds
Platform modules already initialized, skipping
Refreshing native plugins compatible for Editor in 0.19 ms, found 0 plugins.
Preloading 0 native plugins for Editor in 0.00 ms.
Unloading 1071 Unused Serialized files (Serialized files now loaded: 0)
System memory in use before: 56.2 MB.
System memory in use after: 56.3 MB.

Unloading 4 unused Assets to reduce memory usage. Loaded Objects now: 1520.
Total: 1.523500 ms (FindLiveObjects: 0.116600 ms CreateObjectMapping: 0.031300 ms MarkObjects: 1.361200 ms  DeleteObjects: 0.013700 ms)

========================================================================
Received Import Request.
  Time since last request: 16.622698 seconds.
  path: Assets/BaseEnemy.prefab
  artifactKey: Guid(b1f861042277bb24b9f56d51ec38a614) Importer(815301076,1909f56bfc062723c751e8b465ee728b)
Start importing Assets/BaseEnemy.prefab using Guid(b1f861042277bb24b9f56d51ec38a614) Importer(815301076,1909f56bfc062723c751e8b465ee728b)  -> (artifact id: '46737d47164660da80fa4952da2937aa') in 0.036912 seconds
  Import took 0.040590 seconds .

========================================================================
Received Import Request.
  Time since last request: 0.003063 seconds.
  path: Assets/BaseEnemy.prefab
  artifactKey: Guid(b1f861042277bb24b9f56d51ec38a614) Importer(815301076,1909f56bfc062723c751e8b465ee728b)
Start importing Assets/BaseEnemy.prefab using Guid(b1f861042277bb24b9f56d51ec38a614) Importer(815301076,1909f56bfc062723c751e8b465ee728b)  -> (artifact id: '46737d47164660da80fa4952da2937aa') in 0.007386 seconds
  Import took 0.010202 seconds .

========================================================================
Received Prepare
Registering precompiled user dll's ...
Registered in 0.000739 seconds.
Begin MonoManager ReloadAssembly
Native extension for WindowsStandalone target not found
Refreshing native plugins compatible for Editor in 0.31 ms, found 0 plugins.
Preloading 0 native plugins for Editor in 0.00 ms.
Invoked RoslynAnalysisRunner static constructor.
RoslynAnalysisRunner will not be running.
RoslynAnalysisRunner has terminated.
Mono: successfully reloaded assembly
- Completed reload, in  0.916 seconds
Platform modules already initialized, skipping
Refreshing native plugins compatible for Editor in 0.76 ms, found 0 plugins.
Preloading 0 native plugins for Editor in 0.00 ms.
Unloading 1071 Unused Serialized files (Serialized files now loaded: 0)
System memory in use before: 56.4 MB.
System memory in use after: 56.4 MB.

Unloading 4 unused Assets to reduce memory usage. Loaded Objects now: 1522.
Total: 4.148300 ms (FindLiveObjects: 0.373900 ms CreateObjectMapping: 0.102100 ms MarkObjects: 3.646400 ms  DeleteObjects: 0.024000 ms)

========================================================================
Received Import Request.
  Time since last request: 338.664414 seconds.
  path: Assets/BaseEnemy.cs
  artifactKey: Guid(67bcfff278723a4488c4a31c85234d7e) Importer(815301076,1909f56bfc062723c751e8b465ee728b)
Start importing Assets/BaseEnemy.cs using Guid(67bcfff278723a4488c4a31c85234d7e) Importer(815301076,1909f56bfc062723c751e8b465ee728b)  -> (artifact id: '193b7bb57f60a266f8ecc4b045547ded') in 0.007978 seconds
  Import took 0.009789 seconds .

========================================================================
Received Prepare
Registering precompiled user dll's ...
Registered in 0.000672 seconds.
Begin MonoManager ReloadAssembly
Native extension for WindowsStandalone target not found
Refreshing native plugins compatible for Editor in 0.18 ms, found 0 plugins.
Preloading 0 native plugins for Editor in 0.00 ms.
Invoked RoslynAnalysisRunner static constructor.
RoslynAnalysisRunner will not be running.
RoslynAnalysisRunner has terminated.
Mono: successfully reloaded assembly
- Completed reload, in  0.867 seconds
Platform modules already initialized, skipping
Refreshing native plugins compatible for Editor in 0.18 ms, found 0 plugins.
Preloading 0 native plugins for Editor in 0.00 ms.
Unloading 1071 Unused Serialized files (Serialized files now loaded: 0)
System memory in use before: 56.5 MB.
System memory in use after: 56.6 MB.

Unloading 4 unused Assets to reduce memory usage. Loaded Objects now: 1524.
Total: 1.554400 ms (FindLiveObjects: 0.125000 ms CreateObjectMapping: 0.033400 ms MarkObjects: 1.381900 ms  DeleteObjects: 0.013300 ms)

========================================================================
Received Import Request.
  Time since last request: 385.016619 seconds.
  path: Assets/BaseEnemy.prefab
  artifactKey: Guid(b1f861042277bb24b9f56d51ec38a614) Importer(815301076,1909f56bfc062723c751e8b465ee728b)
Start importing Assets/BaseEnemy.prefab using Guid(b1f861042277bb24b9f56d51ec38a614) Importer(815301076,1909f56bfc062723c751e8b465ee728b)  -> (artifact id: '2535e94c9db4d96fe977d48949d7fb5f') in 0.110379 seconds
  Import took 0.114334 seconds .

========================================================================
Received Import Request.
  Time since last request: 48.441661 seconds.
  path: Assets/BaseEnemy.prefab
  artifactKey: Guid(b1f861042277bb24b9f56d51ec38a614) Importer(815301076,1909f56bfc062723c751e8b465ee728b)
Start importing Assets/BaseEnemy.prefab using Guid(b1f861042277bb24b9f56d51ec38a614) Importer(815301076,1909f56bfc062723c751e8b465ee728b)  -> (artifact id: 'a6c7c1cb141e0415ac1d958a100c0c5d') in 0.009909 seconds
  Import took 0.012947 seconds .

========================================================================
Received Import Request.
  Time since last request: 444.488076 seconds.
  path: Assets/BaseEnemy.prefab
  artifactKey: Guid(b1f861042277bb24b9f56d51ec38a614) Importer(815301076,1909f56bfc062723c751e8b465ee728b)
Start importing Assets/BaseEnemy.prefab using Guid(b1f861042277bb24b9f56d51ec38a614) Importer(815301076,1909f56bfc062723c751e8b465ee728b)  -> (artifact id: '825bea0047e1ba7d68b8587c5e48760d') in 0.007534 seconds
  Import took 0.010450 seconds .

========================================================================
Received Import Request.
  Time since last request: 3.397556 seconds.
  path: Assets/BaseEnemy.prefab
  artifactKey: Guid(b1f861042277bb24b9f56d51ec38a614) Importer(815301076,1909f56bfc062723c751e8b465ee728b)
Start importing Assets/BaseEnemy.prefab using Guid(b1f861042277bb24b9f56d51ec38a614) Importer(815301076,1909f56bfc062723c751e8b465ee728b)  -> (artifact id: 'f94084c0f4f33be4075916bd1ebcc2b5') in 0.005255 seconds
  Import took 0.007437 seconds .

========================================================================
Received Import Request.
  Time since last request: 5.385914 seconds.
  path: Assets/BaseEnemy.prefab
  artifactKey: Guid(b1f861042277bb24b9f56d51ec38a614) Importer(815301076,1909f56bfc062723c751e8b465ee728b)
Start importing Assets/BaseEnemy.prefab using Guid(b1f861042277bb24b9f56d51ec38a614) Importer(815301076,1909f56bfc062723c751e8b465ee728b)  -> (artifact id: '0567930d445ff470f01e7d6a37863261') in 0.008168 seconds
  Import took 0.010925 seconds .

========================================================================
Received Import Request.
  Time since last request: 1.117409 seconds.
  path: Assets/BaseEnemy.prefab
  artifactKey: Guid(b1f861042277bb24b9f56d51ec38a614) Importer(815301076,1909f56bfc062723c751e8b465ee728b)
Start importing Assets/BaseEnemy.prefab using Guid(b1f861042277bb24b9f56d51ec38a614) Importer(815301076,1909f56bfc062723c751e8b465ee728b)  -> (artifact id: 'cdac91865f6b24ea1e3b8f0f41577cab') in 0.005344 seconds
  Import took 0.010909 seconds .

========================================================================
Received Import Request.
  Time since last request: 5.883901 seconds.
  path: Assets/BaseEnemy.prefab
  artifactKey: Guid(b1f861042277bb24b9f56d51ec38a614) Importer(815301076,1909f56bfc062723c751e8b465ee728b)
Start importing Assets/BaseEnemy.prefab using Guid(b1f861042277bb24b9f56d51ec38a614) Importer(815301076,1909f56bfc062723c751e8b465ee728b)  -> (artifact id: '802c4e6aacf7be80d1765f5d93e8d4ea') in 0.007663 seconds
  Import took 0.010520 seconds .

========================================================================
Received Import Request.
  Time since last request: 2.410815 seconds.
  path: Assets/BaseEnemy.prefab
  artifactKey: Guid(b1f861042277bb24b9f56d51ec38a614) Importer(815301076,1909f56bfc062723c751e8b465ee728b)
Start importing Assets/BaseEnemy.prefab using Guid(b1f861042277bb24b9f56d51ec38a614) Importer(815301076,1909f56bfc062723c751e8b465ee728b)  -> (artifact id: '8debc964c9fd625c7223ff2838671f2c') in 0.004697 seconds
  Import took 0.007840 seconds .

========================================================================
Received Import Request.
  Time since last request: 10.262808 seconds.
  path: Assets/BaseEnemy.prefab
  artifactKey: Guid(b1f861042277bb24b9f56d51ec38a614) Importer(815301076,1909f56bfc062723c751e8b465ee728b)
Start importing Assets/BaseEnemy.prefab using Guid(b1f861042277bb24b9f56d51ec38a614) Importer(815301076,1909f56bfc062723c751e8b465ee728b)  -> (artifact id: '4daff249dc7c0f7d9bc8e31e9c08a81a') in 0.011976 seconds
  Import took 0.014811 seconds .

========================================================================
Received Import Request.
  Time since last request: 7.745316 seconds.
  path: Assets/BaseEnemy.prefab
  artifactKey: Guid(b1f861042277bb24b9f56d51ec38a614) Importer(815301076,1909f56bfc062723c751e8b465ee728b)
Start importing Assets/BaseEnemy.prefab using Guid(b1f861042277bb24b9f56d51ec38a614) Importer(815301076,1909f56bfc062723c751e8b465ee728b)  -> (artifact id: '8f6ddf13e68b5938b76f9fba49a49172') in 0.011975 seconds
  Import took 0.014170 seconds .

========================================================================
Received Import Request.
  Time since last request: 4.632403 seconds.
  path: Assets/BaseEnemy.prefab
  artifactKey: Guid(b1f861042277bb24b9f56d51ec38a614) Importer(815301076,1909f56bfc062723c751e8b465ee728b)
Start importing Assets/BaseEnemy.prefab using Guid(b1f861042277bb24b9f56d51ec38a614) Importer(815301076,1909f56bfc062723c751e8b465ee728b)  -> (artifact id: 'ecccedef2900c4bd0c0917ad468692ad') in 0.013709 seconds
  Import took 0.016437 seconds .

========================================================================
Received Import Request.
  Time since last request: 5.857790 seconds.
  path: Assets/BaseEnemy.prefab
  artifactKey: Guid(b1f861042277bb24b9f56d51ec38a614) Importer(815301076,1909f56bfc062723c751e8b465ee728b)
Start importing Assets/BaseEnemy.prefab using Guid(b1f861042277bb24b9f56d51ec38a614) Importer(815301076,1909f56bfc062723c751e8b465ee728b)  -> (artifact id: '29897b852de8ddb5e7d295201818a0d0') in 0.014981 seconds
  Import took 0.017220 seconds .

========================================================================
Received Import Request.
  Time since last request: 0.004362 seconds.
  path: Assets/BaseEnemy.prefab
  artifactKey: Guid(b1f861042277bb24b9f56d51ec38a614) Importer(815301076,1909f56bfc062723c751e8b465ee728b)
Start importing Assets/BaseEnemy.prefab using Guid(b1f861042277bb24b9f56d51ec38a614) Importer(815301076,1909f56bfc062723c751e8b465ee728b)  -> (artifact id: '29897b852de8ddb5e7d295201818a0d0') in 0.010482 seconds
  Import took 0.012943 seconds .

========================================================================
Received Import Request.
  Time since last request: 1.176009 seconds.
  path: Assets/BaseEnemy.prefab
  artifactKey: Guid(b1f861042277bb24b9f56d51ec38a614) Importer(815301076,1909f56bfc062723c751e8b465ee728b)
Start importing Assets/BaseEnemy.prefab using Guid(b1f861042277bb24b9f56d51ec38a614) Importer(815301076,1909f56bfc062723c751e8b465ee728b)  -> (artifact id: '1f54733cbc7d23ff670f49853158b626') in 0.016403 seconds
  Import took 0.019772 seconds .

========================================================================
Received Import Request.
  Time since last request: 3.013584 seconds.
  path: Assets/BaseEnemy.prefab
  artifactKey: Guid(b1f861042277bb24b9f56d51ec38a614) Importer(815301076,1909f56bfc062723c751e8b465ee728b)
Start importing Assets/BaseEnemy.prefab using Guid(b1f861042277bb24b9f56d51ec38a614) Importer(815301076,1909f56bfc062723c751e8b465ee728b)  -> (artifact id: '07eee489f561568f94e4c8fe9a26924d') in 0.012594 seconds
  Import took 0.015335 seconds .

========================================================================
Received Import Request.
  Time since last request: 7.525388 seconds.
  path: Assets/BaseEnemy.prefab
  artifactKey: Guid(b1f861042277bb24b9f56d51ec38a614) Importer(815301076,1909f56bfc062723c751e8b465ee728b)
Start importing Assets/BaseEnemy.prefab using Guid(b1f861042277bb24b9f56d51ec38a614) Importer(815301076,1909f56bfc062723c751e8b465ee728b)  -> (artifact id: 'd021a85c20d18662e8929c4de3bee037') in 0.013151 seconds
  Import took 0.015278 seconds .

========================================================================
Received Import Request.
  Time since last request: 2.611551 seconds.
  path: Assets/BaseEnemy.prefab
  artifactKey: Guid(b1f861042277bb24b9f56d51ec38a614) Importer(815301076,1909f56bfc062723c751e8b465ee728b)
Start importing Assets/BaseEnemy.prefab using Guid(b1f861042277bb24b9f56d51ec38a614) Importer(815301076,1909f56bfc062723c751e8b465ee728b)  -> (artifact id: 'adb984c3b8d78fe8642fc5a42e61a8d9') in 0.010845 seconds
  Import took 0.015054 seconds .

========================================================================
Received Import Request.
  Time since last request: 2.697100 seconds.
  path: Assets/BaseEnemy.prefab
  artifactKey: Guid(b1f861042277bb24b9f56d51ec38a614) Importer(815301076,1909f56bfc062723c751e8b465ee728b)
Start importing Assets/BaseEnemy.prefab using Guid(b1f861042277bb24b9f56d51ec38a614) Importer(815301076,1909f56bfc062723c751e8b465ee728b)  -> (artifact id: '0306729f3207504fb2cc6aad7d3c8559') in 0.027680 seconds
  Import took 0.029700 seconds .

========================================================================
Received Import Request.
  Time since last request: 5.442401 seconds.
  path: Assets/BaseEnemy.prefab
  artifactKey: Guid(b1f861042277bb24b9f56d51ec38a614) Importer(815301076,1909f56bfc062723c751e8b465ee728b)
Start importing Assets/BaseEnemy.prefab using Guid(b1f861042277bb24b9f56d51ec38a614) Importer(815301076,1909f56bfc062723c751e8b465ee728b)  -> (artifact id: 'f19dd325d71f7b8da72f198fa79aa539') in 0.012597 seconds
  Import took 0.014862 seconds .

========================================================================
Received Import Request.
  Time since last request: 13.557610 seconds.
  path: Assets/BaseEnemy.prefab
  artifactKey: Guid(b1f861042277bb24b9f56d51ec38a614) Importer(815301076,1909f56bfc062723c751e8b465ee728b)
Start importing Assets/BaseEnemy.prefab using Guid(b1f861042277bb24b9f56d51ec38a614) Importer(815301076,1909f56bfc062723c751e8b465ee728b)  -> (artifact id: '4a70d0b3c39915c44d55d969c2bd6901') in 0.016923 seconds
  Import took 0.019257 seconds .

========================================================================
Received Import Request.
  Time since last request: 1.995286 seconds.
  path: Assets/BaseEnemy.prefab
  artifactKey: Guid(b1f861042277bb24b9f56d51ec38a614) Importer(815301076,1909f56bfc062723c751e8b465ee728b)
Start importing Assets/BaseEnemy.prefab using Guid(b1f861042277bb24b9f56d51ec38a614) Importer(815301076,1909f56bfc062723c751e8b465ee728b)  -> (artifact id: '13f19106fd053823c318eeae74d6d3b9') in 0.016421 seconds
  Import took 0.019492 seconds .

========================================================================
Received Import Request.
  Time since last request: 2.387543 seconds.
  path: Assets/BaseEnemy.prefab
  artifactKey: Guid(b1f861042277bb24b9f56d51ec38a614) Importer(815301076,1909f56bfc062723c751e8b465ee728b)
Start importing Assets/BaseEnemy.prefab using Guid(b1f861042277bb24b9f56d51ec38a614) Importer(815301076,1909f56bfc062723c751e8b465ee728b)  -> (artifact id: '82c2ca507dedb73fcbfd11dd1ccfd6df') in 0.012656 seconds
  Import took 0.015113 seconds .

========================================================================
Received Import Request.
  Time since last request: 3.420587 seconds.
  path: Assets/BaseEnemy.prefab
  artifactKey: Guid(b1f861042277bb24b9f56d51ec38a614) Importer(815301076,1909f56bfc062723c751e8b465ee728b)
Start importing Assets/BaseEnemy.prefab using Guid(b1f861042277bb24b9f56d51ec38a614) Importer(815301076,1909f56bfc062723c751e8b465ee728b)  -> (artifact id: '91886b61a7b914a42fa8817b74620f3c') in 0.016012 seconds
  Import took 0.018049 seconds .

========================================================================
Received Import Request.
  Time since last request: 10.071024 seconds.
  path: Assets/BaseEnemy.prefab
  artifactKey: Guid(b1f861042277bb24b9f56d51ec38a614) Importer(815301076,1909f56bfc062723c751e8b465ee728b)
Start importing Assets/BaseEnemy.prefab using Guid(b1f861042277bb24b9f56d51ec38a614) Importer(815301076,1909f56bfc062723c751e8b465ee728b)  -> (artifact id: 'e87d4b8437e5361efb22b08f9e6b68b7') in 0.010587 seconds
  Import took 0.012807 seconds .

========================================================================
Received Import Request.
  Time since last request: 0.178662 seconds.
  path: Assets/BaseEnemy.prefab
  artifactKey: Guid(b1f861042277bb24b9f56d51ec38a614) Importer(815301076,1909f56bfc062723c751e8b465ee728b)
Start importing Assets/BaseEnemy.prefab using Guid(b1f861042277bb24b9f56d51ec38a614) Importer(815301076,1909f56bfc062723c751e8b465ee728b)  -> (artifact id: '243899915617b0bb4ac98f919bf4070a') in 0.013099 seconds
  Import took 0.015658 seconds .

========================================================================
Received Import Request.
  Time since last request: 5.443056 seconds.
  path: Assets/BaseEnemy.prefab
  artifactKey: Guid(b1f861042277bb24b9f56d51ec38a614) Importer(815301076,1909f56bfc062723c751e8b465ee728b)
Start importing Assets/BaseEnemy.prefab using Guid(b1f861042277bb24b9f56d51ec38a614) Importer(815301076,1909f56bfc062723c751e8b465ee728b)  -> (artifact id: '3cfaaba64e8b8b5e23b467c86fa4fc17') in 0.016232 seconds
  Import took 0.018510 seconds .

========================================================================
Received Import Request.
  Time since last request: 2.022049 seconds.
  path: Assets/BaseEnemy.prefab
  artifactKey: Guid(b1f861042277bb24b9f56d51ec38a614) Importer(815301076,1909f56bfc062723c751e8b465ee728b)
Start importing Assets/BaseEnemy.prefab using Guid(b1f861042277bb24b9f56d51ec38a614) Importer(815301076,1909f56bfc062723c751e8b465ee728b)  -> (artifact id: '201a5010f1dc2491310c877777b20a29') in 0.020340 seconds
  Import took 0.022382 seconds .

========================================================================
Received Import Request.
  Time since last request: 3.832436 seconds.
  path: Assets/BaseEnemy.prefab
  artifactKey: Guid(b1f861042277bb24b9f56d51ec38a614) Importer(815301076,1909f56bfc062723c751e8b465ee728b)
Start importing Assets/BaseEnemy.prefab using Guid(b1f861042277bb24b9f56d51ec38a614) Importer(815301076,1909f56bfc062723c751e8b465ee728b)  -> (artifact id: '583184e61592f5eb0bca470a6474360c') in 0.014974 seconds
  Import took 0.017435 seconds .

========================================================================
Received Import Request.
  Time since last request: 2.053166 seconds.
  path: Assets/BaseEnemy.prefab
  artifactKey: Guid(b1f861042277bb24b9f56d51ec38a614) Importer(815301076,1909f56bfc062723c751e8b465ee728b)
Start importing Assets/BaseEnemy.prefab using Guid(b1f861042277bb24b9f56d51ec38a614) Importer(815301076,1909f56bfc062723c751e8b465ee728b)  -> (artifact id: '8d3ebb2ab48eef9e31262619fd9e01ba') in 0.016390 seconds
  Import took 0.019051 seconds .

========================================================================
Received Import Request.
  Time since last request: 297.416636 seconds.
  path: Assets/BaseEnemy.prefab
  artifactKey: Guid(b1f861042277bb24b9f56d51ec38a614) Importer(815301076,1909f56bfc062723c751e8b465ee728b)
Start importing Assets/BaseEnemy.prefab using Guid(b1f861042277bb24b9f56d51ec38a614) Importer(815301076,1909f56bfc062723c751e8b465ee728b)  -> (artifact id: '8c616fa70ff5bb1bdfb1014bc8e837b1') in 0.026521 seconds
  Import took 0.029114 seconds .

========================================================================
Received Import Request.
  Time since last request: 5.815590 seconds.
  path: Assets/BaseEnemy.prefab
  artifactKey: Guid(b1f861042277bb24b9f56d51ec38a614) Importer(815301076,1909f56bfc062723c751e8b465ee728b)
Start importing Assets/BaseEnemy.prefab using Guid(b1f861042277bb24b9f56d51ec38a614) Importer(815301076,1909f56bfc062723c751e8b465ee728b)  -> (artifact id: '2a4aab6a8a4f238a41f6e549a4af4cab') in 0.018448 seconds
  Import took 0.021886 seconds .

========================================================================
Received Import Request.
  Time since last request: 5.429691 seconds.
  path: Assets/BaseEnemy.prefab
  artifactKey: Guid(b1f861042277bb24b9f56d51ec38a614) Importer(815301076,1909f56bfc062723c751e8b465ee728b)
Start importing Assets/BaseEnemy.prefab using Guid(b1f861042277bb24b9f56d51ec38a614) Importer(815301076,1909f56bfc062723c751e8b465ee728b)  -> (artifact id: '6f5fe90efb9d3129af555619b07cbf8a') in 0.024165 seconds
  Import took 0.026302 seconds .

========================================================================
Received Import Request.
  Time since last request: 2.823612 seconds.
  path: Assets/BaseEnemy.prefab
  artifactKey: Guid(b1f861042277bb24b9f56d51ec38a614) Importer(815301076,1909f56bfc062723c751e8b465ee728b)
Start importing Assets/BaseEnemy.prefab using Guid(b1f861042277bb24b9f56d51ec38a614) Importer(815301076,1909f56bfc062723c751e8b465ee728b)  -> (artifact id: 'f721638a66c1595ca9fd1b16ffb41e44') in 0.018152 seconds
  Import took 0.020563 seconds .

========================================================================
Received Import Request.
  Time since last request: 2.615028 seconds.
  path: Assets/BaseEnemy.prefab
  artifactKey: Guid(b1f861042277bb24b9f56d51ec38a614) Importer(815301076,1909f56bfc062723c751e8b465ee728b)
Start importing Assets/BaseEnemy.prefab using Guid(b1f861042277bb24b9f56d51ec38a614) Importer(815301076,1909f56bfc062723c751e8b465ee728b)  -> (artifact id: '4a6208c31d8d8548d26d27004e23afb5') in 0.013098 seconds
  Import took 0.015385 seconds .

========================================================================
Received Import Request.
  Time since last request: 4.005154 seconds.
  path: Assets/BaseEnemy.prefab
  artifactKey: Guid(b1f861042277bb24b9f56d51ec38a614) Importer(815301076,1909f56bfc062723c751e8b465ee728b)
Start importing Assets/BaseEnemy.prefab using Guid(b1f861042277bb24b9f56d51ec38a614) Importer(815301076,1909f56bfc062723c751e8b465ee728b)  -> (artifact id: '0e3b0e58b9d5f4dc21583ba386d267b9') in 0.018763 seconds
  Import took 0.021173 seconds .

========================================================================
Received Import Request.
  Time since last request: 0.984181 seconds.
  path: Assets/BaseEnemy.prefab
  artifactKey: Guid(b1f861042277bb24b9f56d51ec38a614) Importer(815301076,1909f56bfc062723c751e8b465ee728b)
Start importing Assets/BaseEnemy.prefab using Guid(b1f861042277bb24b9f56d51ec38a614) Importer(815301076,1909f56bfc062723c751e8b465ee728b)  -> (artifact id: 'f9af7c0d0bfc31d0d74d1c3f95bba7a3') in 0.026571 seconds
  Import took 0.029290 seconds .

========================================================================
Received Import Request.
  Time since last request: 2.011626 seconds.
  path: Assets/BaseEnemy.prefab
  artifactKey: Guid(b1f861042277bb24b9f56d51ec38a614) Importer(815301076,1909f56bfc062723c751e8b465ee728b)
Start importing Assets/BaseEnemy.prefab using Guid(b1f861042277bb24b9f56d51ec38a614) Importer(815301076,1909f56bfc062723c751e8b465ee728b)  -> (artifact id: '186b12bb7113b279de98a259cf61069c') in 0.019833 seconds
  Import took 0.022265 seconds .

AssetImportWorkerClient::OnTransportError - code=2 error=End of file
